2025-05-23 15:40:08,807 [INFO] Logging initialized. Log file: logs/linkedin_scraper_20250523_154008.log
2025-05-23 15:40:08,808 [INFO] Using Google credentials from local file: gen-lang-client-0669898182-f88dce7f97c7.json
2025-05-23 15:40:08,808 [INFO] Starting automatic continuous monitoring...
2025-05-23 15:40:08,808 [INFO] Started new monitoring thread
2025-05-23 15:40:08,809 [INFO] Using Sheet ID: 1srvBC83XVx1LS4d8gIiwkWM41sS0Yu3puOHmzwlixrY
2025-05-23 15:40:08,809 [INFO] LinkedIn credentials configured: Yes
2025-05-23 15:40:08,809 [INFO] Initializing Google Sheets service using service account file: gen-lang-client-0669898182-f88dce7f97c7.json
2025-05-23 15:40:08,930 [INFO] Successfully loaded credentials from service account file
2025-05-23 15:40:08,932 [INFO] file_cache is only supported with oauth2client<4.0.0
2025-05-23 15:40:08,934 [INFO] Successfully built Google Sheets service
2025-05-23 15:40:09,064 [INFO] Successfully verified spreadsheets() method availability
2025-05-23 15:40:09,064 [INFO] Checking for blank rows in Google Sheet...
2025-05-23 15:40:10,887 [INFO] Found required columns: profileUrl=4, LI Ads?=5, 30 days=6, Overall=7
2025-05-23 15:40:10,887 [INFO] Found 6 rows with blank values in the specified columns
2025-05-23 15:40:10,888 [INFO] Found 6 rows with blank values
2025-05-23 15:40:10,888 [INFO] Starting continuous monitoring of Google Sheet
2025-05-23 15:40:10,888 [INFO] Initializing Google Sheets service using service account file: gen-lang-client-0669898182-f88dce7f97c7.json
2025-05-23 15:40:11,008 [INFO] Successfully loaded credentials from service account file
2025-05-23 15:40:11,009 [INFO] file_cache is only supported with oauth2client<4.0.0
2025-05-23 15:40:11,011 [INFO] Successfully built Google Sheets service
2025-05-23 15:40:11,130 [INFO] Successfully verified spreadsheets() method availability
2025-05-23 15:40:11,130 [INFO] Testing Google Sheets API connection...
2025-05-23 15:40:11,820 [INFO] Successfully connected to sheet: Sheet1
2025-05-23 15:40:11,820 [INFO] Checking for blank rows in Google Sheet...
2025-05-23 15:40:12,631 [INFO] Found required columns: profileUrl=4, LI Ads?=5, 30 days=6, Overall=7
2025-05-23 15:40:12,631 [INFO] Found 6 rows with blank values in the specified columns
2025-05-23 15:40:12,632 [INFO] Found 6 rows with blank values
2025-05-23 15:40:12,632 [INFO] Processing batch of 6 profiles
2025-05-23 15:40:12,632 [INFO] Starting Apify scraper for 6 profiles
2025-05-23 15:40:13,934 [INFO] [31m[1mWARNING: This is a development server. Do not use it in a production deployment. Use a production WSGI server instead.[0m
 * Running on all addresses (0.0.0.0)
 * Running on http://127.0.0.1:10000
 * Running on http://192.168.91.183:10000
2025-05-23 15:40:13,934 [INFO] [33mPress CTRL+C to quit[0m
2025-05-23 15:40:13,984 [INFO] HTTP Request: POST https://api.apify.com/v2/acts/2SyF0bVxmgGr8IVCZ/runs "HTTP/1.1 201 Created"
2025-05-23 15:40:15,294 [INFO] HTTP Request: GET https://api.apify.com/v2/actor-runs/DZ7iJZZohGhDcHs23?waitForFinish=999999 "HTTP/1.1 200 OK"
